<?xml version="1.0" encoding="utf-8"?><testsuites name="pytest tests"><testsuite name="pytest" errors="0" failures="0" skipped="0" tests="12" time="11.161" timestamp="2026-07-29T13:40:12.092183+00:00" hostname="agent-env-af5f75ee-15fc-4b4a-be5d-317e76abfd56"><testcase classname="tests.test_premium_features.TestProfileUpdate" name="test_partial_update_bio_and_city" time="1.008" /><testcase classname="tests.test_premium_features.TestDealRoomTasks" name="test_create_deal_room" time="1.248" /><testcase classname="tests.test_premium_features.TestProfileUpdate" name="test_partial_update_skills_array" time="0.112" /><testcase classname="tests.test_premium_features.TestProfileUpdate" name="test_reject_empty_or_invalid_only" time="0.090" /><testcase classname="tests.test_premium_features.TestProfileUpdate" name="test_requires_auth" time="0.107" /><testcase classname="tests.test_premium_features.TestDealRoomTasks" name="test_add_task" time="0.336" /><testcase classname="tests.test_premium_features" name="test_health" time="0.087" /><testcase classname="tests.test_premium_features" name="test_login_ok" time="0.000" /><testcase classname="tests.test_premium_features.TestDealRoomLookup" name="test_get_deal_room_by_match" time="0.184" /><testcase classname="tests.test_premium_features.TestDealRoomTasks" name="test_toggle_task" time="0.729" /><testcase classname="tests.test_premium_features.TestAICopilot" name="test_copilot_real_claude_response" time="8.332" /><testcase classname="tests.test_premium_features.TestAICopilot" name="test_copilot_requires_auth" time="0.206" /></testsuite></testsuites>