<?xml version="1.0" encoding="utf-8"?><testsuites name="pytest tests"><testsuite name="pytest" errors="0" failures="0" skipped="0" tests="16" time="12.557" timestamp="2026-07-30T01:50:12.745909+00:00" hostname="agent-env-af5f75ee-15fc-4b4a-be5d-317e76abfd56"><testcase classname="tests.test_premium_filters_iter8.TestPremiumCheckout" name="test_lifetime_checkout_creates_session" time="1.103" /><testcase classname="tests.test_premium_filters_iter8.TestPremiumCheckout" name="test_monthly_checkout_creates_session" time="0.430" /><testcase classname="tests.test_premium_filters_iter8.TestPremiumCheckout" name="test_invalid_plan_returns_400" time="0.047" /><testcase classname="tests.test_premium_filters_iter8.TestPremiumCheckout" name="test_status_own_session_ok" time="0.291" /><testcase classname="tests.test_premium_filters_iter8.TestPremiumCheckout" name="test_status_other_user_session_forbidden" time="0.054" /><testcase classname="tests.test_premium_filters_iter8.TestPremiumMeAndLimit" name="test_premium_me_default_free" time="0.062" /><testcase classname="tests.test_premium_filters_iter8.TestPremiumMeAndLimit" name="test_swipe_decrements_remaining" time="5.044" /><testcase classname="tests.test_premium_filters_iter8.TestPremiumMeAndLimit" name="test_daily_limit_402" time="0.050" /><testcase classname="tests.test_premium_filters_iter8.TestPremiumMeAndLimit" name="test_premium_bypasses_limit" time="0.162" /><testcase classname="tests.test_premium_filters_iter8.TestPremiumMeAndLimit" name="test_reset_free_after" time="0.004" /><testcase classname="tests.test_premium_filters_iter8.TestDiscoveryFilters" name="test_no_filter_sorted" time="4.711" /><testcase classname="tests.test_premium_filters_iter8.TestDiscoveryFilters" name="test_profession_filter" time="0.054" /><testcase classname="tests.test_premium_filters_iter8.TestDiscoveryFilters" name="test_profession_availability_filter" time="0.051" /><testcase classname="tests.test_premium_filters_iter8.TestProjectFilters" name="test_seed_and_filter" time="0.208" /><testcase classname="tests.test_premium_filters_iter8.TestProjectFilters" name="test_my_city_only" time="0.106" /><testcase classname="tests.test_premium_filters_iter8" name="test_health" time="0.047" /></testsuite></testsuites>