<?xml version="1.0" encoding="utf-8"?><testsuites name="pytest tests"><testsuite name="pytest" errors="0" failures="0" skipped="0" tests="8" time="1.798" timestamp="2026-07-29T14:49:23.480458+00:00" hostname="agent-env-af5f75ee-15fc-4b4a-be5d-317e76abfd56"><testcase classname="tests.test_iteration6_features" name="test_create_project_success" time="0.563" /><testcase classname="tests.test_iteration6_features" name="test_get_projects_lists_created" time="0.050" /><testcase classname="tests.test_iteration6_features" name="test_create_project_missing_fields" time="0.054" /><testcase classname="tests.test_iteration6_features" name="test_get_own_profile_by_id" time="0.107" /><testcase classname="tests.test_iteration6_features" name="test_get_profile_not_found" time="0.061" /><testcase classname="tests.test_iteration6_features" name="test_get_profile_requires_auth" time="0.541" /><testcase classname="tests.test_iteration6_features" name="test_discovery_cards" time="0.054" /><testcase classname="tests.test_iteration6_features" name="test_matches" time="0.052" /></testsuite></testsuites>